[2022-03-23T16:37:13.754] [ERROR] all - RestException [Error]: The number  is unverified. Trial accounts cannot send messages to unverified numbers; verify  at twilio.com/user/account/phone-numbers/verified, or purchase a Twilio number to send messages to unverified numbers.
    at success (/home/chelo/git/Proyecto_eCommerce/node_modules/twilio/lib/base/Version.js:135:15)
    at Promise_then_fulfilled (/home/chelo/git/Proyecto_eCommerce/node_modules/q/q.js:766:44)
    at Promise_done_fulfilled (/home/chelo/git/Proyecto_eCommerce/node_modules/q/q.js:835:31)
    at Fulfilled_dispatch [as dispatch] (/home/chelo/git/Proyecto_eCommerce/node_modules/q/q.js:1229:9)
    at Pending_become_eachMessage_task (/home/chelo/git/Proyecto_eCommerce/node_modules/q/q.js:1369:30)
    at RawTask.call (/home/chelo/git/Proyecto_eCommerce/node_modules/asap/asap.js:40:19)
    at flush (/home/chelo/git/Proyecto_eCommerce/node_modules/asap/raw.js:50:29)
    at processTicksAndRejections (node:internal/process/task_queues:78:11) {
  status: 400,
  code: 21608,
  moreInfo: 'https://www.twilio.com/docs/errors/21608',
  details: undefined
}
[2022-03-23T16:39:02.666] [ERROR] all - RestException [Error]: The number  is unverified. Trial accounts cannot send messages to unverified numbers; verify  at twilio.com/user/account/phone-numbers/verified, or purchase a Twilio number to send messages to unverified numbers.
    at success (/home/chelo/git/Proyecto_eCommerce/node_modules/twilio/lib/base/Version.js:135:15)
    at Promise_then_fulfilled (/home/chelo/git/Proyecto_eCommerce/node_modules/q/q.js:766:44)
    at Promise_done_fulfilled (/home/chelo/git/Proyecto_eCommerce/node_modules/q/q.js:835:31)
    at Fulfilled_dispatch [as dispatch] (/home/chelo/git/Proyecto_eCommerce/node_modules/q/q.js:1229:9)
    at Pending_become_eachMessage_task (/home/chelo/git/Proyecto_eCommerce/node_modules/q/q.js:1369:30)
    at RawTask.call (/home/chelo/git/Proyecto_eCommerce/node_modules/asap/asap.js:40:19)
    at flush (/home/chelo/git/Proyecto_eCommerce/node_modules/asap/raw.js:50:29)
    at processTicksAndRejections (node:internal/process/task_queues:78:11) {
  status: 400,
  code: 21608,
  moreInfo: 'https://www.twilio.com/docs/errors/21608',
  details: undefined
}
